{
  "RSpec": {
    "coverage": {
      "/Users/isaacalter/Desktop/turing_work/3mod/solo_project1/rails-engine/config/environment.rb": {
        "lines": [
          null,
          1,
          null,
          null,
          1
        ]
      },
      "/Users/isaacalter/Desktop/turing_work/3mod/solo_project1/rails-engine/config/application.rb": {
        "lines": [
          1,
          null,
          1,
          null,
          1,
          1,
          1,
          1,
          1,
          1,
          1,
          1,
          1,
          1,
          null,
          null,
          null,
          null,
          1,
          null,
          1,
          1,
          null,
          1,
          null,
          null,
          null,
          null,
          null,
          null,
          null,
          null,
          null,
          null,
          null,
          null,
          1,
          null,
          null
        ]
      },
      "/Users/isaacalter/Desktop/turing_work/3mod/solo_project1/rails-engine/config/boot.rb": {
        "lines": [
          1,
          null,
          1,
          1
        ]
      },
      "/Users/isaacalter/Desktop/turing_work/3mod/solo_project1/rails-engine/config/environments/test.rb": {
        "lines": [
          1,
          null,
          null,
          null,
          null,
          null,
          null,
          1,
          null,
          null,
          null,
          1,
          null,
          null,
          null,
          null,
          1,
          null,
          null,
          1,
          1,
          null,
          null,
          null,
          null,
          1,
          1,
          1,
          null,
          null,
          1,
          null,
          null,
          1,
          null,
          null,
          1,
          null,
          1,
          null,
          null,
          null,
          null,
          1,
          null,
          null,
          1,
          null,
          null,
          1,
          null,
          null,
          1,
          null,
          null,
          null,
          null,
          null,
          null,
          null
        ]
      },
      "/Users/isaacalter/Desktop/turing_work/3mod/solo_project1/rails-engine/config/initializers/cors.rb": {
        "lines": [
          null,
          null,
          null,
          null,
          null,
          null,
          null,
          null,
          null,
          null,
          null,
          null,
          null,
          null,
          null,
          null
        ]
      },
      "/Users/isaacalter/Desktop/turing_work/3mod/solo_project1/rails-engine/config/initializers/filter_parameter_logging.rb": {
        "lines": [
          null,
          null,
          null,
          null,
          null,
          1,
          null,
          null
        ]
      },
      "/Users/isaacalter/Desktop/turing_work/3mod/solo_project1/rails-engine/config/initializers/inflections.rb": {
        "lines": [
          null,
          null,
          null,
          null,
          null,
          null,
          null,
          null,
          null,
          null,
          null,
          null,
          null,
          null,
          null,
          null
        ]
      },
      "/Users/isaacalter/Desktop/turing_work/3mod/solo_project1/rails-engine/spec/factories/customers.rb": {
        "lines": [
          1,
          1,
          4,
          4,
          null,
          null
        ]
      },
      "/Users/isaacalter/Desktop/turing_work/3mod/solo_project1/rails-engine/spec/factories/items.rb": {
        "lines": [
          1,
          1,
          12,
          12,
          12,
          1,
          null,
          null
        ]
      },
      "/Users/isaacalter/Desktop/turing_work/3mod/solo_project1/rails-engine/spec/factories/merchants.rb": {
        "lines": [
          1,
          1,
          16,
          null,
          null
        ]
      },
      "/Users/isaacalter/Desktop/turing_work/3mod/solo_project1/rails-engine/config/routes.rb": {
        "lines": [
          1,
          1,
          1,
          1,
          1,
          1,
          null,
          null,
          null
        ]
      },
      "/Users/isaacalter/Desktop/turing_work/3mod/solo_project1/rails-engine/app/models/customer.rb": {
        "lines": [
          1,
          null
        ]
      },
      "/Users/isaacalter/Desktop/turing_work/3mod/solo_project1/rails-engine/app/models/application_record.rb": {
        "lines": [
          1,
          1,
          null
        ]
      },
      "/Users/isaacalter/Desktop/turing_work/3mod/solo_project1/rails-engine/spec/models/item_spec.rb": {
        "lines": [
          1,
          null,
          1,
          null,
          null
        ]
      },
      "/Users/isaacalter/Desktop/turing_work/3mod/solo_project1/rails-engine/app/models/item.rb": {
        "lines": [
          1,
          1,
          1,
          1,
          null,
          1,
          1,
          1,
          1,
          null,
          1,
          3,
          2,
          2,
          1,
          1,
          null,
          1,
          null,
          null,
          null,
          null
        ]
      },
      "/Users/isaacalter/Desktop/turing_work/3mod/solo_project1/rails-engine/spec/models/merchant_spec.rb": {
        "lines": [
          1,
          null,
          1,
          null,
          null
        ]
      },
      "/Users/isaacalter/Desktop/turing_work/3mod/solo_project1/rails-engine/app/models/merchant.rb": {
        "lines": [
          1,
          null
        ]
      },
      "/Users/isaacalter/Desktop/turing_work/3mod/solo_project1/rails-engine/spec/requests/api/v1/customers_request_spec.rb": {
        "lines": [
          1,
          null,
          1,
          1,
          1,
          null,
          1,
          null,
          1,
          null,
          1,
          null,
          1,
          null,
          1,
          3,
          3,
          null,
          3,
          3,
          null,
          3,
          3,
          null,
          null,
          null
        ]
      },
      "/Users/isaacalter/Desktop/turing_work/3mod/solo_project1/rails-engine/spec/requests/api/v1/items_request_spec.rb": {
        "lines": [
          1,
          null,
          1,
          1,
          11,
          null,
          null,
          1,
          1,
          null,
          1,
          null,
          1,
          null,
          1,
          null,
          1,
          null,
          1,
          3,
          3,
          null,
          3,
          3,
          3,
          3,
          3,
          3,
          3,
          3,
          null,
          null,
          null,
          1,
          1,
          null,
          1,
          null,
          1,
          null,
          1,
          null,
          1,
          1,
          null,
          1,
          1,
          1,
          1,
          1,
          1,
          1,
          1,
          null,
          null,
          1,
          1,
          null,
          1,
          null,
          1,
          null,
          1,
          null,
          1,
          null,
          1,
          1,
          null,
          null,
          1,
          null,
          1,
          null,
          null,
          null,
          null,
          1,
          null,
          1,
          1,
          1,
          null,
          1,
          1,
          1,
          1,
          1,
          1,
          1,
          1,
          null,
          null,
          1,
          null,
          1,
          null,
          null,
          null,
          1,
          null,
          1,
          1,
          1,
          null,
          1,
          1,
          null,
          null,
          1,
          1,
          null,
          1,
          null,
          1,
          null,
          1,
          1,
          1,
          2,
          null,
          null,
          1,
          1,
          1,
          1,
          null,
          1,
          1,
          1,
          null,
          1,
          null,
          1,
          1,
          1,
          1,
          1,
          2,
          null,
          null,
          1,
          1,
          1,
          1,
          1,
          1,
          null,
          1,
          1,
          1,
          null,
          1,
          null,
          1,
          1,
          1,
          1,
          1,
          2,
          null,
          null,
          1,
          1,
          1,
          1,
          1,
          null,
          1,
          1,
          null,
          1,
          1,
          1,
          null,
          null,
          1,
          1,
          1,
          1,
          1,
          null,
          1,
          1,
          null,
          1,
          1,
          null,
          null,
          1,
          1,
          1,
          1,
          1,
          null,
          1,
          1,
          null,
          1,
          1,
          null,
          null
        ]
      },
      "/Users/isaacalter/Desktop/turing_work/3mod/solo_project1/rails-engine/spec/requests/api/v1/merchants_request_spec.rb": {
        "lines": [
          1,
          null,
          1,
          1,
          1,
          null,
          1,
          null,
          1,
          null,
          1,
          null,
          1,
          null,
          1,
          3,
          3,
          null,
          3,
          3,
          null,
          null,
          null,
          1,
          1,
          null,
          1,
          null,
          1,
          null,
          1,
          null,
          1,
          1,
          null,
          1,
          1,
          null,
          null,
          1,
          1,
          null,
          1,
          null,
          1,
          null,
          1,
          null,
          1,
          null,
          1,
          1,
          null,
          null,
          1,
          0,
          null,
          0,
          null,
          0,
          null,
          0,
          null,
          0,
          0,
          null,
          0,
          0,
          null,
          null
        ]
      },
      "/Users/isaacalter/Desktop/turing_work/3mod/solo_project1/rails-engine/app/controllers/api/v1/customers_controller.rb": {
        "lines": [
          1,
          1,
          1,
          null,
          null
        ]
      },
      "/Users/isaacalter/Desktop/turing_work/3mod/solo_project1/rails-engine/app/controllers/application_controller.rb": {
        "lines": [
          1,
          1,
          null,
          1,
          null,
          1,
          0,
          null,
          null
        ]
      },
      "/Users/isaacalter/Desktop/turing_work/3mod/solo_project1/rails-engine/app/controllers/api/v1/items_controller.rb": {
        "lines": [
          1,
          1,
          1,
          null,
          1,
          1,
          1,
          null,
          null,
          1,
          2,
          1,
          null,
          null,
          1,
          2,
          2,
          1,
          1,
          null,
          1,
          null,
          null,
          null,
          1,
          3,
          3,
          3,
          null,
          null,
          3,
          1,
          2,
          0,
          2,
          1,
          1,
          0,
          1,
          0,
          null,
          1,
          1,
          null,
          null,
          null,
          1,
          3,
          3,
          3,
          null,
          null,
          1,
          null,
          1,
          1,
          null,
          null,
          1,
          0,
          null,
          null,
          1,
          17,
          null,
          null
        ]
      },
      "/Users/isaacalter/Desktop/turing_work/3mod/solo_project1/rails-engine/app/serializers/item_serializer.rb": {
        "lines": [
          1,
          1,
          1,
          null,
          1,
          null,
          1,
          null,
          3,
          null,
          null,
          null,
          null,
          null,
          null,
          null,
          null,
          null,
          null,
          null,
          null,
          1,
          null,
          3,
          null,
          null,
          null,
          null,
          null,
          null,
          null,
          null,
          null,
          null,
          null,
          null
        ]
      },
      "/Users/isaacalter/Desktop/turing_work/3mod/solo_project1/rails-engine/app/models/invoice_item.rb": {
        "lines": [
          1,
          1,
          1,
          null
        ]
      },
      "/Users/isaacalter/Desktop/turing_work/3mod/solo_project1/rails-engine/app/models/invoice.rb": {
        "lines": [
          1,
          1,
          1,
          null
        ]
      },
      "/Users/isaacalter/Desktop/turing_work/3mod/solo_project1/rails-engine/app/controllers/api/v1/merchants_controller.rb": {
        "lines": [
          1,
          1,
          null,
          1,
          1,
          1,
          null,
          null,
          1,
          2,
          1,
          null,
          null,
          1,
          null,
          1,
          1,
          null,
          null
        ]
      },
      "/Users/isaacalter/Desktop/turing_work/3mod/solo_project1/rails-engine/app/serializers/merchant_serializer.rb": {
        "lines": [
          1,
          1,
          1,
          null,
          1,
          null,
          1,
          null,
          3,
          null,
          null,
          null,
          null,
          null,
          null,
          null,
          null,
          null,
          1,
          null,
          1,
          null,
          null,
          null,
          null,
          null,
          null,
          null,
          null,
          null
        ]
      }
    },
    "timestamp": 1680213229
  }
}
